TN:
SF:c:\Users\Luca\Documents\GitHub\SEP-Slitherin\botconfig\frontend\src\components\Navigation.vue
FNF:0
FNH:0
DA:39,0
DA:42,0
DA:45,0
DA:50,1
LF:4
LH:1
BRF:0
BRH:0
end_of_record
TN:
SF:c:\Users\Luca\Documents\GitHub\SEP-Slitherin\botconfig\frontend\src\App.vue
FNF:0
FNH:0
LF:0
LH:0
BRF:0
BRH:0
end_of_record
TN:
SF:c:\Users\Luca\Documents\GitHub\SEP-Slitherin\botconfig\frontend\src\components\navigation.vue
FNF:0
FNH:0
DA:39,0
DA:42,0
DA:45,0
DA:50,0
LF:4
LH:0
BRF:0
BRH:0
end_of_record
TN:
SF:c:\Users\Luca\Documents\GitHub\SEP-Slitherin\botconfig\frontend\src\components\BotPresentation.vue
FNF:0
FNH:0
DA:28,0
DA:32,0
LF:2
LH:0
BRF:0
BRH:0
end_of_record
TN:
SF:c:\Users\Luca\Documents\GitHub\SEP-Slitherin\botconfig\frontend\src\components\BotProfile.vue
FNF:0
FNH:0
DA:10,0
LF:1
LH:0
BRF:0
BRH:0
end_of_record
TN:
SF:c:\Users\Luca\Documents\GitHub\SEP-Slitherin\botconfig\frontend\src\components\Clients.vue
FNF:0
FNH:0
DA:14,0
LF:1
LH:0
BRF:0
BRH:0
end_of_record
TN:
SF:c:\Users\Luca\Documents\GitHub\SEP-Slitherin\botconfig\frontend\src\components\Default.vue
FNF:0
FNH:0
DA:10,0
LF:1
LH:0
BRF:0
BRH:0
end_of_record
TN:
SF:c:\Users\Luca\Documents\GitHub\SEP-Slitherin\botconfig\frontend\src\components\History.vue
FNF:0
FNH:0
DA:18,0
LF:1
LH:0
BRF:0
BRH:0
end_of_record
TN:
SF:c:\Users\Luca\Documents\GitHub\SEP-Slitherin\botconfig\frontend\src\components\botpresentation.vue
FNF:0
FNH:0
DA:28,0
DA:32,0
LF:2
LH:0
BRF:0
BRH:0
end_of_record
TN:
SF:c:\Users\Luca\Documents\GitHub\SEP-Slitherin\botconfig\frontend\src\components\Overview.vue
FNF:0
FNH:0
DA:10,0
LF:1
LH:0
BRF:0
BRH:0
end_of_record
TN:
SF:c:\Users\Luca\Documents\GitHub\SEP-Slitherin\botconfig\frontend\src\components\TemplateHeader.vue
FNF:0
FNH:0
DA:11,0
LF:1
LH:0
BRF:0
BRH:0
end_of_record
TN:
SF:c:\Users\Luca\Documents\GitHub\SEP-Slitherin\botconfig\frontend\src\components\TemplatePresentation.vue
FN:30,(anonymous_0)
FNF:1
FNH:0
FNDA:0,(anonymous_0)
DA:25,0
DA:31,0
LF:2
LH:0
BRF:0
BRH:0
end_of_record
TN:
SF:c:\Users\Luca\Documents\GitHub\SEP-Slitherin\botconfig\frontend\src\components\Templates.vue
FNF:0
FNH:0
DA:45,0
LF:1
LH:0
BRF:0
BRH:0
end_of_record
TN:
SF:c:\Users\Luca\Documents\GitHub\SEP-Slitherin\botconfig\frontend\src\components\templatepresentation.vue
FN:30,(anonymous_0)
FNF:1
FNH:0
FNDA:0,(anonymous_0)
DA:25,0
DA:31,0
LF:2
LH:0
BRF:0
BRH:0
end_of_record
TN:
SF:c:\Users\Luca\Documents\GitHub\SEP-Slitherin\botconfig\frontend\src\components\templateheader.vue
FNF:0
FNH:0
DA:11,0
LF:1
LH:0
BRF:0
BRH:0
end_of_record
TN:
SF:c:\Users\Luca\Documents\GitHub\SEP-Slitherin\botconfig\frontend\src\components\botconfig.vue
FN:65,(anonymous_0)
FNF:1
FNH:0
FNDA:0,(anonymous_0)
DA:42,1
DA:47,0
DA:58,0
DA:66,0
DA:67,0
DA:68,0
DA:69,0
DA:70,0
DA:71,0
DA:72,0
DA:73,0
LF:11
LH:1
BRDA:67,0,0,0
BRDA:67,0,1,0
BRF:2
BRH:0
end_of_record
TN:
SF:c:\Users\Luca\Documents\GitHub\SEP-Slitherin\botconfig\frontend\src\router\index.js
FNF:0
FNH:0
DA:7,1
LF:1
LH:1
BRF:0
BRH:0
end_of_record
